<?xml version="1.0" encoding="UTF-8"?>
<!-- Generated by org.testng.reporters.JUnitXMLReporter -->
<testsuite hostname="Himanshu407501" name="Default test" tests="4" failures="0" timestamp="24 May 2017 06:07:13 GMT" time="13.101" errors="0">
  <testcase name="CountOfBlueColorTiles" time="0.777" classname="Listener_Demo.TestCases"/>
  <testcase name="CountOfGreenColorTiles" time="0.66" classname="Listener_Demo.TestCases"/>
  <testcase name="CountOfRedColorTiles" time="0.719" classname="Listener_Demo.TestCases"/>
  <testcase name="Login" time="1.261" classname="Listener_Demo.TestCases"/>
</testsuite> <!-- Default test -->
