<?xml version="1.0" encoding="UTF-8"?>
<!-- Generated by org.testng.reporters.JUnitXMLReporter -->
<testsuite hostname="Himanshu407501" name="Default test" tests="4" failures="0" timestamp="30 May 2017 12:40:45 GMT" time="16.124" errors="0">
  <testcase name="AddOwner" time="2.021" classname="PetClinic_Demo.TestCases"/>
  <testcase name="VerifyHomePage" time="0.063" classname="PetClinic_Demo.TestCases"/>
  <testcase name="VerifyFindOwnersPage" time="0.271" classname="PetClinic_Demo.TestCases"/>
  <testcase name="FindOwner" time="1.446" classname="PetClinic_Demo.TestCases"/>
</testsuite> <!-- Default test -->
