<?xml version="1.0" encoding="UTF-8"?>
<testng-results skipped="0" failed="0" total="4" passed="4">
  <reporter-output>
  </reporter-output>
  <suite name="Default suite" duration-ms="16124" started-at="2017-05-30T12:40:29Z" finished-at="2017-05-30T12:40:45Z">
    <groups>
    </groups>
    <test name="Default test" duration-ms="16124" started-at="2017-05-30T12:40:29Z" finished-at="2017-05-30T12:40:45Z">
      <class name="PetClinic_Demo.TestCases">
        <test-method status="PASS" signature="setup()[pri:0, instance:PetClinic_Demo.TestCases@4157f54e]" name="setup" is-config="true" duration-ms="3743" started-at="2017-05-30T18:10:29Z" finished-at="2017-05-30T18:10:32Z">
          <reporter-output>
          </reporter-output>
        </test-method> <!-- setup -->
        <test-method status="PASS" signature="AddOwner()[pri:0, instance:PetClinic_Demo.TestCases@4157f54e]" name="AddOwner" duration-ms="2021" started-at="2017-05-30T18:10:32Z" finished-at="2017-05-30T18:10:34Z">
          <reporter-output>
          </reporter-output>
        </test-method> <!-- AddOwner -->
        <test-method status="PASS" signature="AfterTest()[pri:0, instance:PetClinic_Demo.TestCases@4157f54e]" name="AfterTest" is-config="true" duration-ms="126" started-at="2017-05-30T18:10:34Z" finished-at="2017-05-30T18:10:35Z">
          <reporter-output>
          </reporter-output>
        </test-method> <!-- AfterTest -->
        <test-method status="PASS" signature="setup()[pri:0, instance:PetClinic_Demo.TestCases@4157f54e]" name="setup" is-config="true" duration-ms="2616" started-at="2017-05-30T18:10:35Z" finished-at="2017-05-30T18:10:37Z">
          <reporter-output>
          </reporter-output>
        </test-method> <!-- setup -->
        <test-method status="PASS" signature="VerifyHomePage()[pri:0, instance:PetClinic_Demo.TestCases@4157f54e]" name="VerifyHomePage" duration-ms="63" started-at="2017-05-30T18:10:37Z" finished-at="2017-05-30T18:10:37Z">
          <reporter-output>
          </reporter-output>
        </test-method> <!-- VerifyHomePage -->
        <test-method status="PASS" signature="AfterTest()[pri:0, instance:PetClinic_Demo.TestCases@4157f54e]" name="AfterTest" is-config="true" duration-ms="131" started-at="2017-05-30T18:10:37Z" finished-at="2017-05-30T18:10:37Z">
          <reporter-output>
          </reporter-output>
        </test-method> <!-- AfterTest -->
        <test-method status="PASS" signature="setup()[pri:0, instance:PetClinic_Demo.TestCases@4157f54e]" name="setup" is-config="true" duration-ms="2701" started-at="2017-05-30T18:10:37Z" finished-at="2017-05-30T18:10:40Z">
          <reporter-output>
          </reporter-output>
        </test-method> <!-- setup -->
        <test-method status="PASS" signature="VerifyFindOwnersPage()[pri:0, instance:PetClinic_Demo.TestCases@4157f54e]" name="VerifyFindOwnersPage" duration-ms="271" started-at="2017-05-30T18:10:40Z" finished-at="2017-05-30T18:10:40Z">
          <reporter-output>
          </reporter-output>
        </test-method> <!-- VerifyFindOwnersPage -->
        <test-method status="PASS" signature="AfterTest()[pri:0, instance:PetClinic_Demo.TestCases@4157f54e]" name="AfterTest" is-config="true" duration-ms="149" started-at="2017-05-30T18:10:40Z" finished-at="2017-05-30T18:10:41Z">
          <reporter-output>
          </reporter-output>
        </test-method> <!-- AfterTest -->
        <test-method status="PASS" signature="setup()[pri:0, instance:PetClinic_Demo.TestCases@4157f54e]" name="setup" is-config="true" duration-ms="2700" started-at="2017-05-30T18:10:41Z" finished-at="2017-05-30T18:10:43Z">
          <reporter-output>
          </reporter-output>
        </test-method> <!-- setup -->
        <test-method status="PASS" signature="FindOwner()[pri:0, instance:PetClinic_Demo.TestCases@4157f54e]" name="FindOwner" duration-ms="1446" started-at="2017-05-30T18:10:43Z" depends-on-methods="PetClinic_Demo.TestCases.AddOwner" finished-at="2017-05-30T18:10:45Z">
          <reporter-output>
          </reporter-output>
        </test-method> <!-- FindOwner -->
        <test-method status="PASS" signature="AfterTest()[pri:0, instance:PetClinic_Demo.TestCases@4157f54e]" name="AfterTest" is-config="true" duration-ms="131" started-at="2017-05-30T18:10:45Z" finished-at="2017-05-30T18:10:45Z">
          <reporter-output>
          </reporter-output>
        </test-method> <!-- AfterTest -->
      </class> <!-- PetClinic_Demo.TestCases -->
    </test> <!-- Default test -->
  </suite> <!-- Default suite -->
</testng-results>
