<?xml version="1.0" encoding="UTF-8"?>
<!-- Generated by org.testng.reporters.JUnitXMLReporter -->
<testsuite hostname="Himanshu407501" ignored="0" name="Random Test" tests="4" failures="0" timestamp="24 May 2017 06:12:51 GMT" time="13.791" errors="0">
  <testcase name="CountOfBlueColorTiles" time="0.708" classname="Listener_Demo.TestCases"/>
  <testcase name="CountOfGreenColorTiles" time="0.712" classname="Listener_Demo.TestCases"/>
  <testcase name="CountOfRedColorTiles" time="0.7" classname="Listener_Demo.TestCases"/>
  <testcase name="Login" time="1.236" classname="Listener_Demo.TestCases"/>
</testsuite> <!-- Random Test -->
