<?xml version="1.0" encoding="UTF-8"?>
<testsuite xmlns:xsi="http://www.w3.org/2001/XMLSchema-instance" xsi:schemaLocation="https://maven.apache.org/surefire/maven-surefire-plugin/xsd/surefire-test-report.xsd" name="TestSuite" time="14.814" tests="4" errors="0" skipped="0" failures="0">
  <properties>
[...]
</properties>
  <testcase name="CountOfBlueColorTiles" classname="Listener_Demo.TestCases" time="0.706"/>
  <testcase name="CountOfGreenColorTiles" classname="Listener_Demo.TestCases" time="0.713"/>
  <testcase name="CountOfRedColorTiles" classname="Listener_Demo.TestCases" time="0.696"/>
  <testcase name="Login" classname="Listener_Demo.TestCases" time="1.234"/>
</testsuite>