<?xml version="1.0" encoding="UTF-8"?>
<testng-results skipped="0" failed="0" ignored="0" total="4" passed="4">
  <reporter-output>
  </reporter-output>
  <suite name="Suite" duration-ms="13791" started-at="2017-05-24T06:12:37Z" finished-at="2017-05-24T06:12:51Z">
    <groups>
    </groups>
    <test name="Random Test" duration-ms="13791" started-at="2017-05-24T06:12:37Z" finished-at="2017-05-24T06:12:51Z">
      <class name="Listener_Demo.TestCases">
        <test-method status="PASS" signature="setup()[pri:0, instance:Listener_Demo.TestCases@3498ed]" name="setup" is-config="true" duration-ms="3242" started-at="2017-05-24T11:42:37Z" finished-at="2017-05-24T11:42:40Z">
          <reporter-output>
          </reporter-output>
        </test-method> <!-- setup -->
        <test-method status="PASS" signature="CountOfBlueColorTiles()[pri:0, instance:Listener_Demo.TestCases@3498ed]" name="CountOfBlueColorTiles" duration-ms="708" started-at="2017-05-24T11:42:40Z" finished-at="2017-05-24T11:42:41Z">
          <reporter-output>
          </reporter-output>
        </test-method> <!-- CountOfBlueColorTiles -->
        <test-method status="PASS" signature="AfterTest()[pri:0, instance:Listener_Demo.TestCases@3498ed]" name="AfterTest" is-config="true" duration-ms="120" started-at="2017-05-24T11:42:41Z" finished-at="2017-05-24T11:42:41Z">
          <reporter-output>
          </reporter-output>
        </test-method> <!-- AfterTest -->
        <test-method status="PASS" signature="setup()[pri:0, instance:Listener_Demo.TestCases@3498ed]" name="setup" is-config="true" duration-ms="2257" started-at="2017-05-24T11:42:41Z" finished-at="2017-05-24T11:42:43Z">
          <reporter-output>
          </reporter-output>
        </test-method> <!-- setup -->
        <test-method status="PASS" signature="CountOfGreenColorTiles()[pri:0, instance:Listener_Demo.TestCases@3498ed]" name="CountOfGreenColorTiles" duration-ms="712" started-at="2017-05-24T11:42:43Z" finished-at="2017-05-24T11:42:44Z">
          <reporter-output>
          </reporter-output>
        </test-method> <!-- CountOfGreenColorTiles -->
        <test-method status="PASS" signature="AfterTest()[pri:0, instance:Listener_Demo.TestCases@3498ed]" name="AfterTest" is-config="true" duration-ms="130" started-at="2017-05-24T11:42:44Z" finished-at="2017-05-24T11:42:44Z">
          <reporter-output>
          </reporter-output>
        </test-method> <!-- AfterTest -->
        <test-method status="PASS" signature="setup()[pri:0, instance:Listener_Demo.TestCases@3498ed]" name="setup" is-config="true" duration-ms="2152" started-at="2017-05-24T11:42:44Z" finished-at="2017-05-24T11:42:46Z">
          <reporter-output>
          </reporter-output>
        </test-method> <!-- setup -->
        <test-method status="PASS" signature="CountOfRedColorTiles()[pri:0, instance:Listener_Demo.TestCases@3498ed]" name="CountOfRedColorTiles" duration-ms="700" started-at="2017-05-24T11:42:46Z" finished-at="2017-05-24T11:42:47Z">
          <reporter-output>
          </reporter-output>
        </test-method> <!-- CountOfRedColorTiles -->
        <test-method status="PASS" signature="AfterTest()[pri:0, instance:Listener_Demo.TestCases@3498ed]" name="AfterTest" is-config="true" duration-ms="168" started-at="2017-05-24T11:42:47Z" finished-at="2017-05-24T11:42:47Z">
          <reporter-output>
          </reporter-output>
        </test-method> <!-- AfterTest -->
        <test-method status="PASS" signature="setup()[pri:0, instance:Listener_Demo.TestCases@3498ed]" name="setup" is-config="true" duration-ms="2206" started-at="2017-05-24T11:42:47Z" finished-at="2017-05-24T11:42:49Z">
          <reporter-output>
          </reporter-output>
        </test-method> <!-- setup -->
        <test-method status="PASS" signature="Login()[pri:0, instance:Listener_Demo.TestCases@3498ed]" name="Login" duration-ms="1236" started-at="2017-05-24T11:42:49Z" finished-at="2017-05-24T11:42:51Z">
          <reporter-output>
          </reporter-output>
        </test-method> <!-- Login -->
        <test-method status="PASS" signature="AfterTest()[pri:0, instance:Listener_Demo.TestCases@3498ed]" name="AfterTest" is-config="true" duration-ms="138" started-at="2017-05-24T11:42:51Z" finished-at="2017-05-24T11:42:51Z">
          <reporter-output>
          </reporter-output>
        </test-method> <!-- AfterTest -->
      </class> <!-- Listener_Demo.TestCases -->
    </test> <!-- Random Test -->
  </suite> <!-- Suite -->
</testng-results>
